
*** Running vivado
    with args -log fft.vds -m64 -product Vivado -mode batch -messageDb vivado.pb -notrace -source fft.tcl



****** Vivado v2022.1 (64-bit)
  **** SW Build 3526262 on Mon Apr 18 15:48:16 MDT 2022
  **** IP Build 3524634 on Mon Apr 18 20:55:01 MDT 2022
    ** Copyright 1986-2022 Xilinx, Inc. All Rights Reserved.

source fft.tcl -notrace
Command: read_checkpoint -auto_incremental -incremental G:/Xilinx_2022/Vivado/2022.1/proyek/radar_dsp/radar_dsp.srcs/utils_1/imports/synth_1/fft.dcp
INFO: [Vivado 12-5825] Read reference checkpoint from G:/Xilinx_2022/Vivado/2022.1/proyek/radar_dsp/radar_dsp.srcs/utils_1/imports/synth_1/fft.dcp for incremental synthesis
INFO: [Vivado 12-7989] Please ensure there are no constraint changes
Command: synth_design -top fft -part xczu7ev-ffvc1156-2-e
Starting synth_design
Attempting to get a license for feature 'Synthesis' and/or device 'xczu7ev'
INFO: [Common 17-349] Got license for feature 'Synthesis' and/or device 'xczu7ev'
INFO: [Designutils 20-5440] No compile time benefit to using incremental synthesis; A full resynthesis will be run
INFO: [Designutils 20-4379] Flow is switching to default flow due to incremental criteria not met. If you would like to alter this behaviour and have the flow terminate instead, please set the following parameter config_implementation {autoIncr.Synth.RejectBehavior Terminate}
INFO: [Synth 8-7079] Multithreading enabled for synth_design using a maximum of 2 processes.
INFO: [Synth 8-7078] Launching helper process for spawning children vivado processes
INFO: [Synth 8-7075] Helper process launched with PID 9328
---------------------------------------------------------------------------------
Starting Synthesize : Time (s): cpu = 00:00:06 ; elapsed = 00:00:06 . Memory (MB): peak = 1294.336 ; gain = 0.000
---------------------------------------------------------------------------------
INFO: [Synth 8-6157] synthesizing module 'fft' [G:/Xilinx_2022/Vivado/2022.1/proyek/radar_dsp/radar_dsp.srcs/sources_1/new/fft.v:25]
INFO: [Synth 8-6155] done synthesizing module 'fft' (0#1) [G:/Xilinx_2022/Vivado/2022.1/proyek/radar_dsp/radar_dsp.srcs/sources_1/new/fft.v:25]
WARNING: [Synth 8-3848] Net out_re in module/entity fft does not have driver. [G:/Xilinx_2022/Vivado/2022.1/proyek/radar_dsp/radar_dsp.srcs/sources_1/new/fft.v:33]
WARNING: [Synth 8-3848] Net out_im in module/entity fft does not have driver. [G:/Xilinx_2022/Vivado/2022.1/proyek/radar_dsp/radar_dsp.srcs/sources_1/new/fft.v:34]
WARNING: [Synth 8-3330] design fft has an empty top module
WARNING: [Synth 8-7129] Port out_re[255] in module fft is either unconnected or has no load
WARNING: [Synth 8-7129] Port out_re[254] in module fft is either unconnected or has no load
WARNING: [Synth 8-7129] Port out_re[253] in module fft is either unconnected or has no load
WARNING: [Synth 8-7129] Port out_re[252] in module fft is either unconnected or has no load
WARNING: [Synth 8-7129] Port out_re[251] in module fft is either unconnected or has no load
WARNING: [Synth 8-7129] Port out_re[250] in module fft is either unconnected or has no load
WARNING: [Synth 8-7129] Port out_re[249] in module fft is either unconnected or has no load
WARNING: [Synth 8-7129] Port out_re[248] in module fft is either unconnected or has no load
WARNING: [Synth 8-7129] Port out_re[247] in module fft is either unconnected or has no load
WARNING: [Synth 8-7129] Port out_re[246] in module fft is either unconnected or has no load
WARNING: [Synth 8-7129] Port out_re[245] in module fft is either unconnected or has no load
WARNING: [Synth 8-7129] Port out_re[244] in module fft is either unconnected or has no load
WARNING: [Synth 8-7129] Port out_re[243] in module fft is either unconnected or has no load
WARNING: [Synth 8-7129] Port out_re[242] in module fft is either unconnected or has no load
WARNING: [Synth 8-7129] Port out_re[241] in module fft is either unconnected or has no load
WARNING: [Synth 8-7129] Port out_re[240] in module fft is either unconnected or has no load
WARNING: [Synth 8-7129] Port out_re[239] in module fft is either unconnected or has no load
WARNING: [Synth 8-7129] Port out_re[238] in module fft is either unconnected or has no load
WARNING: [Synth 8-7129] Port out_re[237] in module fft is either unconnected or has no load
WARNING: [Synth 8-7129] Port out_re[236] in module fft is either unconnected or has no load
WARNING: [Synth 8-7129] Port out_re[235] in module fft is either unconnected or has no load
WARNING: [Synth 8-7129] Port out_re[234] in module fft is either unconnected or has no load
WARNING: [Synth 8-7129] Port out_re[233] in module fft is either unconnected or has no load
WARNING: [Synth 8-7129] Port out_re[232] in module fft is either unconnected or has no load
WARNING: [Synth 8-7129] Port out_re[231] in module fft is either unconnected or has no load
WARNING: [Synth 8-7129] Port out_re[230] in module fft is either unconnected or has no load
WARNING: [Synth 8-7129] Port out_re[229] in module fft is either unconnected or has no load
WARNING: [Synth 8-7129] Port out_re[228] in module fft is either unconnected or has no load
WARNING: [Synth 8-7129] Port out_re[227] in module fft is either unconnected or has no load
WARNING: [Synth 8-7129] Port out_re[226] in module fft is either unconnected or has no load
WARNING: [Synth 8-7129] Port out_re[225] in module fft is either unconnected or has no load
WARNING: [Synth 8-7129] Port out_re[224] in module fft is either unconnected or has no load
WARNING: [Synth 8-7129] Port out_re[223] in module fft is either unconnected or has no load
WARNING: [Synth 8-7129] Port out_re[222] in module fft is either unconnected or has no load
WARNING: [Synth 8-7129] Port out_re[221] in module fft is either unconnected or has no load
WARNING: [Synth 8-7129] Port out_re[220] in module fft is either unconnected or has no load
WARNING: [Synth 8-7129] Port out_re[219] in module fft is either unconnected or has no load
WARNING: [Synth 8-7129] Port out_re[218] in module fft is either unconnected or has no load
WARNING: [Synth 8-7129] Port out_re[217] in module fft is either unconnected or has no load
WARNING: [Synth 8-7129] Port out_re[216] in module fft is either unconnected or has no load
WARNING: [Synth 8-7129] Port out_re[215] in module fft is either unconnected or has no load
WARNING: [Synth 8-7129] Port out_re[214] in module fft is either unconnected or has no load
WARNING: [Synth 8-7129] Port out_re[213] in module fft is either unconnected or has no load
WARNING: [Synth 8-7129] Port out_re[212] in module fft is either unconnected or has no load
WARNING: [Synth 8-7129] Port out_re[211] in module fft is either unconnected or has no load
WARNING: [Synth 8-7129] Port out_re[210] in module fft is either unconnected or has no load
WARNING: [Synth 8-7129] Port out_re[209] in module fft is either unconnected or has no load
WARNING: [Synth 8-7129] Port out_re[208] in module fft is either unconnected or has no load
WARNING: [Synth 8-7129] Port out_re[207] in module fft is either unconnected or has no load
WARNING: [Synth 8-7129] Port out_re[206] in module fft is either unconnected or has no load
WARNING: [Synth 8-7129] Port out_re[205] in module fft is either unconnected or has no load
WARNING: [Synth 8-7129] Port out_re[204] in module fft is either unconnected or has no load
WARNING: [Synth 8-7129] Port out_re[203] in module fft is either unconnected or has no load
WARNING: [Synth 8-7129] Port out_re[202] in module fft is either unconnected or has no load
WARNING: [Synth 8-7129] Port out_re[201] in module fft is either unconnected or has no load
WARNING: [Synth 8-7129] Port out_re[200] in module fft is either unconnected or has no load
WARNING: [Synth 8-7129] Port out_re[199] in module fft is either unconnected or has no load
WARNING: [Synth 8-7129] Port out_re[198] in module fft is either unconnected or has no load
WARNING: [Synth 8-7129] Port out_re[197] in module fft is either unconnected or has no load
WARNING: [Synth 8-7129] Port out_re[196] in module fft is either unconnected or has no load
WARNING: [Synth 8-7129] Port out_re[195] in module fft is either unconnected or has no load
WARNING: [Synth 8-7129] Port out_re[194] in module fft is either unconnected or has no load
WARNING: [Synth 8-7129] Port out_re[193] in module fft is either unconnected or has no load
WARNING: [Synth 8-7129] Port out_re[192] in module fft is either unconnected or has no load
WARNING: [Synth 8-7129] Port out_re[191] in module fft is either unconnected or has no load
WARNING: [Synth 8-7129] Port out_re[190] in module fft is either unconnected or has no load
WARNING: [Synth 8-7129] Port out_re[189] in module fft is either unconnected or has no load
WARNING: [Synth 8-7129] Port out_re[188] in module fft is either unconnected or has no load
WARNING: [Synth 8-7129] Port out_re[187] in module fft is either unconnected or has no load
WARNING: [Synth 8-7129] Port out_re[186] in module fft is either unconnected or has no load
WARNING: [Synth 8-7129] Port out_re[185] in module fft is either unconnected or has no load
WARNING: [Synth 8-7129] Port out_re[184] in module fft is either unconnected or has no load
WARNING: [Synth 8-7129] Port out_re[183] in module fft is either unconnected or has no load
WARNING: [Synth 8-7129] Port out_re[182] in module fft is either unconnected or has no load
WARNING: [Synth 8-7129] Port out_re[181] in module fft is either unconnected or has no load
WARNING: [Synth 8-7129] Port out_re[180] in module fft is either unconnected or has no load
WARNING: [Synth 8-7129] Port out_re[179] in module fft is either unconnected or has no load
WARNING: [Synth 8-7129] Port out_re[178] in module fft is either unconnected or has no load
WARNING: [Synth 8-7129] Port out_re[177] in module fft is either unconnected or has no load
WARNING: [Synth 8-7129] Port out_re[176] in module fft is either unconnected or has no load
WARNING: [Synth 8-7129] Port out_re[175] in module fft is either unconnected or has no load
WARNING: [Synth 8-7129] Port out_re[174] in module fft is either unconnected or has no load
WARNING: [Synth 8-7129] Port out_re[173] in module fft is either unconnected or has no load
WARNING: [Synth 8-7129] Port out_re[172] in module fft is either unconnected or has no load
WARNING: [Synth 8-7129] Port out_re[171] in module fft is either unconnected or has no load
WARNING: [Synth 8-7129] Port out_re[170] in module fft is either unconnected or has no load
WARNING: [Synth 8-7129] Port out_re[169] in module fft is either unconnected or has no load
WARNING: [Synth 8-7129] Port out_re[168] in module fft is either unconnected or has no load
WARNING: [Synth 8-7129] Port out_re[167] in module fft is either unconnected or has no load
WARNING: [Synth 8-7129] Port out_re[166] in module fft is either unconnected or has no load
WARNING: [Synth 8-7129] Port out_re[165] in module fft is either unconnected or has no load
WARNING: [Synth 8-7129] Port out_re[164] in module fft is either unconnected or has no load
WARNING: [Synth 8-7129] Port out_re[163] in module fft is either unconnected or has no load
WARNING: [Synth 8-7129] Port out_re[162] in module fft is either unconnected or has no load
WARNING: [Synth 8-7129] Port out_re[161] in module fft is either unconnected or has no load
WARNING: [Synth 8-7129] Port out_re[160] in module fft is either unconnected or has no load
WARNING: [Synth 8-7129] Port out_re[159] in module fft is either unconnected or has no load
WARNING: [Synth 8-7129] Port out_re[158] in module fft is either unconnected or has no load
WARNING: [Synth 8-7129] Port out_re[157] in module fft is either unconnected or has no load
WARNING: [Synth 8-7129] Port out_re[156] in module fft is either unconnected or has no load
INFO: [Common 17-14] Message 'Synth 8-7129' appears 100 times and further instances of the messages will be disabled. Use the Tcl command set_msg_config to change the current settings.
---------------------------------------------------------------------------------
Finished Synthesize : Time (s): cpu = 00:00:07 ; elapsed = 00:00:08 . Memory (MB): peak = 1294.336 ; gain = 0.000
---------------------------------------------------------------------------------
---------------------------------------------------------------------------------
Finished Constraint Validation : Time (s): cpu = 00:00:08 ; elapsed = 00:00:09 . Memory (MB): peak = 1294.336 ; gain = 0.000
---------------------------------------------------------------------------------
---------------------------------------------------------------------------------
Start Loading Part and Timing Information
---------------------------------------------------------------------------------
Loading part: xczu7ev-ffvc1156-2-e
INFO: [Synth 8-6742] Reading net delay rules and data
INFO: [Device 21-403] Loading part xczu7ev-ffvc1156-2-e
---------------------------------------------------------------------------------
Finished Loading Part and Timing Information : Time (s): cpu = 00:00:08 ; elapsed = 00:00:09 . Memory (MB): peak = 1294.336 ; gain = 0.000
---------------------------------------------------------------------------------
---------------------------------------------------------------------------------
Finished RTL Optimization Phase 2 : Time (s): cpu = 00:00:08 ; elapsed = 00:00:09 . Memory (MB): peak = 1294.336 ; gain = 0.000
---------------------------------------------------------------------------------
No constraint files found.
---------------------------------------------------------------------------------
Start RTL Component Statistics 
---------------------------------------------------------------------------------
Detailed RTL Component Info : 
---------------------------------------------------------------------------------
Finished RTL Component Statistics 
---------------------------------------------------------------------------------
---------------------------------------------------------------------------------
Start Part Resource Summary
---------------------------------------------------------------------------------
Part Resources:
DSPs: 1728 (col length:144)
BRAMs: 624 (col length: RAMB18 144 RAMB36 72)
---------------------------------------------------------------------------------
Finished Part Resource Summary
---------------------------------------------------------------------------------
No constraint files found.
---------------------------------------------------------------------------------
Start Cross Boundary and Area Optimization
---------------------------------------------------------------------------------
WARNING: [Synth 8-7080] Parallel synthesis criteria is not met
WARNING: [Synth 8-3330] design fft has an empty top module
---------------------------------------------------------------------------------
Finished Cross Boundary and Area Optimization : Time (s): cpu = 00:00:15 ; elapsed = 00:00:26 . Memory (MB): peak = 1806.598 ; gain = 512.262
---------------------------------------------------------------------------------
No constraint files found.
---------------------------------------------------------------------------------
Start Timing Optimization
---------------------------------------------------------------------------------
---------------------------------------------------------------------------------
Finished Timing Optimization : Time (s): cpu = 00:00:15 ; elapsed = 00:00:26 . Memory (MB): peak = 1806.598 ; gain = 512.262
---------------------------------------------------------------------------------
---------------------------------------------------------------------------------
Start Technology Mapping
---------------------------------------------------------------------------------
---------------------------------------------------------------------------------
Finished Technology Mapping : Time (s): cpu = 00:00:15 ; elapsed = 00:00:26 . Memory (MB): peak = 1806.598 ; gain = 512.262
---------------------------------------------------------------------------------
---------------------------------------------------------------------------------
Start IO Insertion
---------------------------------------------------------------------------------
---------------------------------------------------------------------------------
Start Flattening Before IO Insertion
---------------------------------------------------------------------------------
---------------------------------------------------------------------------------
Finished Flattening Before IO Insertion
---------------------------------------------------------------------------------
---------------------------------------------------------------------------------
Start Final Netlist Cleanup
---------------------------------------------------------------------------------
---------------------------------------------------------------------------------
Finished Final Netlist Cleanup
---------------------------------------------------------------------------------
---------------------------------------------------------------------------------
Finished IO Insertion : Time (s): cpu = 00:00:20 ; elapsed = 00:00:32 . Memory (MB): peak = 1806.598 ; gain = 512.262
---------------------------------------------------------------------------------
---------------------------------------------------------------------------------
Start Renaming Generated Instances
---------------------------------------------------------------------------------
---------------------------------------------------------------------------------
Finished Renaming Generated Instances : Time (s): cpu = 00:00:20 ; elapsed = 00:00:32 . Memory (MB): peak = 1806.598 ; gain = 512.262
---------------------------------------------------------------------------------
---------------------------------------------------------------------------------
Start Rebuilding User Hierarchy
---------------------------------------------------------------------------------
---------------------------------------------------------------------------------
Finished Rebuilding User Hierarchy : Time (s): cpu = 00:00:20 ; elapsed = 00:00:32 . Memory (MB): peak = 1806.598 ; gain = 512.262
---------------------------------------------------------------------------------
---------------------------------------------------------------------------------
Start Renaming Generated Ports
---------------------------------------------------------------------------------
---------------------------------------------------------------------------------
Finished Renaming Generated Ports : Time (s): cpu = 00:00:20 ; elapsed = 00:00:32 . Memory (MB): peak = 1806.598 ; gain = 512.262
---------------------------------------------------------------------------------
---------------------------------------------------------------------------------
Start Handling Custom Attributes
---------------------------------------------------------------------------------
---------------------------------------------------------------------------------
Finished Handling Custom Attributes : Time (s): cpu = 00:00:20 ; elapsed = 00:00:32 . Memory (MB): peak = 1806.598 ; gain = 512.262
---------------------------------------------------------------------------------
---------------------------------------------------------------------------------
Start Renaming Generated Nets
---------------------------------------------------------------------------------
---------------------------------------------------------------------------------
Finished Renaming Generated Nets : Time (s): cpu = 00:00:20 ; elapsed = 00:00:32 . Memory (MB): peak = 1806.598 ; gain = 512.262
---------------------------------------------------------------------------------
---------------------------------------------------------------------------------
Start Writing Synthesis Report
---------------------------------------------------------------------------------

Report BlackBoxes: 
+-+--------------+----------+
| |BlackBox name |Instances |
+-+--------------+----------+
+-+--------------+----------+

Report Cell Usage: 
+------+------+------+
|      |Cell  |Count |
+------+------+------+
|1     |OBUFT |   512|
+------+------+------+

Report Instance Areas: 
+------+---------+-------+------+
|      |Instance |Module |Cells |
+------+---------+-------+------+
|1     |top      |       |   512|
+------+---------+-------+------+
---------------------------------------------------------------------------------
Finished Writing Synthesis Report : Time (s): cpu = 00:00:20 ; elapsed = 00:00:32 . Memory (MB): peak = 1806.598 ; gain = 512.262
---------------------------------------------------------------------------------
Synthesis finished with 0 errors, 0 critical warnings and 2055 warnings.
Synthesis Optimization Runtime : Time (s): cpu = 00:00:20 ; elapsed = 00:00:32 . Memory (MB): peak = 1806.598 ; gain = 512.262
Synthesis Optimization Complete : Time (s): cpu = 00:00:20 ; elapsed = 00:00:32 . Memory (MB): peak = 1806.598 ; gain = 512.262
INFO: [Project 1-571] Translating synthesized netlist
Netlist sorting complete. Time (s): cpu = 00:00:00 ; elapsed = 00:00:00.009 . Memory (MB): peak = 1806.598 ; gain = 0.000
INFO: [Project 1-570] Preparing netlist for logic optimization
INFO: [Opt 31-138] Pushed 0 inverter(s) to 0 load pin(s).
Netlist sorting complete. Time (s): cpu = 00:00:00 ; elapsed = 00:00:00 . Memory (MB): peak = 1856.742 ; gain = 0.000
INFO: [Project 1-111] Unisim Transformation Summary:
No Unisim elements were transformed.

Synth Design complete, checksum: 9084041b
INFO: [Common 17-83] Releasing license: Synthesis
18 Infos, 105 Warnings, 0 Critical Warnings and 0 Errors encountered.
synth_design completed successfully
synth_design: Time (s): cpu = 00:00:22 ; elapsed = 00:00:35 . Memory (MB): peak = 1856.742 ; gain = 562.406
INFO: [Common 17-1381] The checkpoint 'G:/Xilinx_2022/Vivado/2022.1/proyek/radar_dsp/radar_dsp.runs/synth_1/fft.dcp' has been generated.
INFO: [runtcl-4] Executing : report_utilization -file fft_utilization_synth.rpt -pb fft_utilization_synth.pb
INFO: [Common 17-206] Exiting Vivado at Thu Mar 23 16:59:22 2023...
